<?xml version="1.0" encoding="UTF-8"?>
<!-- Generated by org.testng.reporters.JUnitXMLReporter -->
<testsuite hostname="DESKTOP-KI27Q0G" ignored="0" name="SeleniumTesting" tests="1" failures="0" timestamp="12 Jan 2023 21:15:24 GMT" time="2.395" errors="0">
  <testcase name="@BeforeTest invokeBrowser" time="2.346" classname="TestSuites.trutime">
    <failure type="org.openqa.selenium.SessionNotCreatedException" message="session not created: This version of ChromeDriver only supports Chrome version 107
Current browser version is 109.0.5414.74 with binary path C:\Program Files (x86)\Google\Chrome\Application\chrome.exe
Build info: version: &amp;apos;3.141.59&amp;apos;, revision: &amp;apos;e82be7d358&amp;apos;, time: &amp;apos;2018-11-14T08:17:03&amp;apos;
System info: host: &amp;apos;DESKTOP-KI27Q0G&amp;apos;, ip: &amp;apos;192.168.89.236&amp;apos;, os.name: &amp;apos;Windows 10&amp;apos;, os.arch: &amp;apos;amd64&amp;apos;, os.version: &amp;apos;10.0&amp;apos;, java.version: &amp;apos;1.8.0_291&amp;apos;
Driver info: driver.version: ChromeDriver
remote stacktrace: Backtrace:
	Ordinal0 [0x0028ACD3+2075859]
	Ordinal0 [0x0021EE61+1633889]
	Ordinal0 [0x0011B7BD+571325]
	Ordinal0 [0x0013DFCD+712653]
	Ordinal0 [0x00139266+692838]
	Ordinal0 [0x00136BE9+682985]
	Ordinal0 [0x0016DBD3+908243]
	Ordinal0 [0x0016D6AA+906922]
	Ordinal0 [0x00167136+880950]
	Ordinal0 [0x0013FEFD+720637]
	Ordinal0 [0x00140F3F+724799]
	GetHandleVerifier [0x0053EED2+2769538]
	GetHandleVerifier [0x00530D95+2711877]
	GetHandleVerifier [0x0031A03A+521194]
	GetHandleVerifier [0x00318DA0+516432]
	Ordinal0 [0x0022682C+1665068]
	Ordinal0 [0x0022B128+1683752]
	Ordinal0 [0x0022B215+1683989]
	Ordinal0 [0x00236484+1729668]
	BaseThreadInitThunk [0x770000F9+25]
	RtlGetAppContainerNamedObjectPath [0x778A7BBE+286]
	RtlGetAppContainerNamedObjectPath [0x778A7B8E+238]
	(No symbol) [0x00000000]
">
      <![CDATA[org.openqa.selenium.SessionNotCreatedException: session not created: This version of ChromeDriver only supports Chrome version 107
Current browser version is 109.0.5414.74 with binary path C:\Program Files (x86)\Google\Chrome\Application\chrome.exe
Build info: version: '3.141.59', revision: 'e82be7d358', time: '2018-11-14T08:17:03'
System info: host: 'DESKTOP-KI27Q0G', ip: '192.168.89.236', os.name: 'Windows 10', os.arch: 'amd64', os.version: '10.0', java.version: '1.8.0_291'
Driver info: driver.version: ChromeDriver
remote stacktrace: Backtrace:
Ordinal0 [0x0028ACD3+2075859]
Ordinal0 [0x0021EE61+1633889]
Ordinal0 [0x0011B7BD+571325]
Ordinal0 [0x0013DFCD+712653]
Ordinal0 [0x00139266+692838]
Ordinal0 [0x00136BE9+682985]
Ordinal0 [0x0016DBD3+908243]
Ordinal0 [0x0016D6AA+906922]
Ordinal0 [0x00167136+880950]
Ordinal0 [0x0013FEFD+720637]
Ordinal0 [0x00140F3F+724799]
GetHandleVerifier [0x0053EED2+2769538]
GetHandleVerifier [0x00530D95+2711877]
GetHandleVerifier [0x0031A03A+521194]
GetHandleVerifier [0x00318DA0+516432]
Ordinal0 [0x0022682C+1665068]
Ordinal0 [0x0022B128+1683752]
Ordinal0 [0x0022B215+1683989]
Ordinal0 [0x00236484+1729668]
BaseThreadInitThunk [0x770000F9+25]
RtlGetAppContainerNamedObjectPath [0x778A7BBE+286]
RtlGetAppContainerNamedObjectPath [0x778A7B8E+238]
(No symbol) [0x00000000]

at org.openqa.selenium.remote.W3CHandshakeResponse.lambda$errorHandler$0(W3CHandshakeResponse.java:62)
at org.openqa.selenium.remote.HandshakeResponse.lambda$getResponseFunction$0(HandshakeResponse.java:30)
at org.openqa.selenium.remote.ProtocolHandshake.lambda$createSession$0(ProtocolHandshake.java:126)
at java.util.stream.ReferencePipeline$3$1.accept(ReferencePipeline.java:193)
at java.util.Spliterators$ArraySpliterator.tryAdvance(Spliterators.java:958)
at java.util.stream.ReferencePipeline.forEachWithCancel(ReferencePipeline.java:126)
at java.util.stream.AbstractPipeline.copyIntoWithCancel(AbstractPipeline.java:499)
at java.util.stream.AbstractPipeline.copyInto(AbstractPipeline.java:486)
at java.util.stream.AbstractPipeline.wrapAndCopyInto(AbstractPipeline.java:472)
at java.util.stream.FindOps$FindOp.evaluateSequential(FindOps.java:152)
at java.util.stream.AbstractPipeline.evaluate(AbstractPipeline.java:234)
at java.util.stream.ReferencePipeline.findFirst(ReferencePipeline.java:464)
at org.openqa.selenium.remote.ProtocolHandshake.createSession(ProtocolHandshake.java:128)
at org.openqa.selenium.remote.ProtocolHandshake.createSession(ProtocolHandshake.java:74)
at org.openqa.selenium.remote.HttpCommandExecutor.execute(HttpCommandExecutor.java:136)
at org.openqa.selenium.remote.service.DriverCommandExecutor.execute(DriverCommandExecutor.java:83)
at org.openqa.selenium.remote.RemoteWebDriver.execute(RemoteWebDriver.java:552)
at org.openqa.selenium.remote.RemoteWebDriver.startSession(RemoteWebDriver.java:213)
at org.openqa.selenium.remote.RemoteWebDriver.<init>(RemoteWebDriver.java:131)
at org.openqa.selenium.chrome.ChromeDriver.<init>(ChromeDriver.java:181)
at org.openqa.selenium.chrome.ChromeDriver.<init>(ChromeDriver.java:168)
at org.openqa.selenium.chrome.ChromeDriver.<init>(ChromeDriver.java:123)
at Base.Base.invokeBrowser(Base.java:56)
at TestSuites.trutime.invokeBrowser(trutime.java:18)
... Removed 28 stack frames]]>
    </failure>
  </testcase> <!-- @BeforeTest invokeBrowser -->
  <testcase name="@AfterTest closeBrowser" time="0.0" classname="TestSuites.trutime">
    <skipped/>
  </testcase> <!-- @AfterTest closeBrowser -->
  <testcase name="testCases" time="0.0" classname="TestSuites.trutime">
    <skipped/>
  </testcase> <!-- testCases -->
</testsuite> <!-- SeleniumTesting -->
